<?xml version="1.0" encoding="UTF-8"?>
<TestRun id="2cbd6c1c-4252-4552-ac3f-41c0fffc0454" name="Niels Reloe@PC_VAN_NIELSREL 2009-06-11 13:53:07" runUser="PC_van_NielsRel\Niels Reloe" xmlns="http://microsoft.com/schemas/VisualStudio/TeamTest/2006">
  <TestRunConfiguration name="Local Test Run" id="c2802e6b-ba0d-4e3f-bd68-1d75f2cf3b33">
    <Description>This is a default test run configuration for a local test run.</Description>
    <Deployment runDeploymentRoot="D:\Niels Reloe\Downloads\School\P4\PTS22\Subversion\pts41grp2080903\PTS22\HoofdProject\ReparatieSysteem\TestResults\Niels Reloe_PC_VAN_NIELSREL 2009-06-11 13_53_07">
      <DeploymentItem filename="D:\Niels Reloe\Downloads\School\P4\PTS22\Subversion\pts41grp2080903\PTS22\HoofdProject\ReparatieSysteem\ReparatieSysteem\bin\Debug\ReparatieSysteem.exe" />
    </Deployment>
    <TestTypeSpecific />
  </TestRunConfiguration>
  <ResultSummary outcome="Failed">
    <Counters total="1" executed="1" error="0" failed="1" timeout="0" aborted="0" inconclusive="0" passedButRunAborted="0" notRunnable="0" notExecuted="0" disconnected="0" warning="0" passed="0" completed="0" inProgress="0" pending="0" />
  </ResultSummary>
  <Times creation="2009-06-11T13:53:07.3440000+02:00" queuing="2009-06-11T13:53:09.6070000+02:00" start="2009-06-11T13:53:10.0660000+02:00" finish="2009-06-11T13:53:11.4810000+02:00" />
  <TestDefinitions>
    <UnitTest name="TestMethod1" storage="d:\niels reloe\downloads\school\p4\pts22\subversion\pts41grp2080903\pts22\hoofdproject\reparatiesysteem\reparatiesysteemtest\bin\debug\reparatiesysteemtest.dll" id="a0f09eea-69df-a977-738f-7c9e4e5f1f05">
      <Css projectStructure="" iteration="" />
      <Owners>
        <Owner name="" />
      </Owners>
      <Execution id="d2cf4d20-e59d-4813-b831-971b70e5cc21" />
      <TestMethod codeBase="D:\Niels Reloe\Downloads\School\P4\PTS22\Subversion\pts41grp2080903\PTS22\HoofdProject\ReparatieSysteem\ReparatieSysteemTest\bin\Debug\ReparatieSysteemTest.dll" adapterTypeName="Microsoft.VisualStudio.TestTools.TestTypes.Unit.UnitTestAdapter, Microsoft.VisualStudio.QualityTools.Tips.UnitTest.Adapter, Version=9.0.0.0, Culture=neutral, PublicKeyToken=b03f5f7f11d50a3a" className="ReparatieSysteemTest.ReparatieSysteemTest, ReparatieSysteemTest" name="TestMethod1" />
    </UnitTest>
  </TestDefinitions>
  <TestLists>
    <TestList name="Results Not in a List" id="8c84fa94-04c1-424b-9868-57a2d4851a1d" />
    <TestList name="All Loaded Results" id="19431567-8539-422a-85d7-44ee4e166bda" />
  </TestLists>
  <TestEntries>
    <TestEntry testId="a0f09eea-69df-a977-738f-7c9e4e5f1f05" executionId="d2cf4d20-e59d-4813-b831-971b70e5cc21" testListId="8c84fa94-04c1-424b-9868-57a2d4851a1d" />
  </TestEntries>
  <Results>
    <UnitTestResult executionId="d2cf4d20-e59d-4813-b831-971b70e5cc21" testId="a0f09eea-69df-a977-738f-7c9e4e5f1f05" testName="TestMethod1" computerName="PC_VAN_NIELSREL" duration="00:00:00.1266100" startTime="2009-06-11T13:53:10.3260000+02:00" endTime="2009-06-11T13:53:11.4130000+02:00" testType="13cdc9d9-ddb5-4fa4-a97d-d965ccfc6d4b" outcome="Failed" testListId="8c84fa94-04c1-424b-9868-57a2d4851a1d">
      <Output>
        <ErrorInfo>
          <Message>Assert.AreEqual failed. Expected:&lt;1, Willem, Lodewijks, Eindhoven&gt;. Actual:&lt;1, Willem,  , Lodewijks, Eindhoven&gt;. </Message>
          <StackTrace>   bij ReparatieSysteemTest.ReparatieSysteemTest.TestMethod1() in D:\Niels Reloe\Downloads\School\P4\PTS22\Subversion\pts41grp2080903\PTS22\HoofdProject\ReparatieSysteem\ReparatieSysteemTest\ReparatieSysteemTest.cs:regel 81
</StackTrace>
        </ErrorInfo>
      </Output>
    </UnitTestResult>
  </Results>
</TestRun>